<?xml version="1.0" encoding="UTF-8"?>
<!-- Generated by org.testng.reporters.JUnitReportReporter -->
<testsuite hostname="PC-13" name="testng.test.ViewSchedule" tests="6" failures="0" timestamp="14 Jan 2015 07:14:34 GMT" time="11.123" errors="0">
  <testcase name="register" time="0.000" classname="testng.test.ViewSchedule"/>
  <testcase name="viewStatus" time="0.001" classname="testng.test.ViewSchedule"/>
  <testcase name="logon" time="0.004" classname="testng.test.ViewSchedule"/>
  <testcase name="bookFindings" time="0.001" classname="testng.test.ViewSchedule"/>
  <testcase name="viewSchedules" time="11.116" classname="testng.test.ViewSchedule"/>
  <testcase name="bookFlights" time="0.001" classname="testng.test.ViewSchedule"/>
</testsuite> <!-- testng.test.ViewSchedule -->
