<?xml version="1.0" encoding="UTF-8"?>
<!-- Generated by org.testng.reporters.JUnitReportReporter -->
<testsuite hostname="PC-13" name="testng.test.TestClass" tests="1" failures="0" timestamp="14 Jan 2015 06:54:26 GMT" time="18.028" errors="0">
  <testcase name="getDetails" time="18.028" classname="testng.test.TestClass"/>
</testsuite> <!-- testng.test.TestClass -->
